<?xml version="1.0" encoding="UTF-8"?>
<!-- Generated by org.testng.reporters.JUnitReportReporter -->
<testsuite hostname="DESKTOP-GUDBLLA" failures="0" tests="2" name="com.actoJava.qa.endToEndTests.MultipleTestDataE2ETestExample" time="8.648" errors="0" timestamp="2021-06-18T14:17:15 BST" skipped="0">
  <testcase classname="com.actoJava.qa.endToEndTests.MultipleTestDataE2ETestExample" name="testNewUserMultipleTestData" time="4.235"/>
  <system-out>
    <![CDATA[======Open application======
======Navigate to User Register page======
======Verify that Register Page is displayed======
======Register a User with test data======
======Verify that Login Page is displayed======
======Login to application with the registered user======
======Verify that user is logged in and Home Page is displayed======
======Verify that username is displayed after login======
======Logout from application======
======Verify that user is successfully logged out======]]>
  </system-out>
  <testcase classname="com.actoJava.qa.endToEndTests.MultipleTestDataE2ETestExample" name="testNewUserMultipleTestData" time="4.413"/>
  <system-out>
    <![CDATA[======Open application======
======Navigate to User Register page======
======Verify that Register Page is displayed======
======Register a User with test data======
======Verify that Login Page is displayed======
======Login to application with the registered user======
======Verify that user is logged in and Home Page is displayed======
======Verify that username is displayed after login======
======Logout from application======
======Verify that user is successfully logged out======]]>
  </system-out>
</testsuite> <!-- com.actoJava.qa.endToEndTests.MultipleTestDataE2ETestExample -->
