<?xml version="1.0" encoding="UTF-8"?>
<!-- Generated by org.testng.reporters.JUnitReportReporter -->
<testsuite hostname="DESKTOP-GUDBLLA" failures="0" tests="1" name="com.actoJava.qa.endToEndTests.EndToEndTests" time="10.874" errors="0" timestamp="2021-07-12T13:10:52 BST" skipped="0">
  <testcase classname="com.actoJava.qa.endToEndTests.EndToEndTests" name="testNewUserRegisterAndLogin" time="10.874"/>
  <system-out>
    <![CDATA[======Open application======
======Navigate to User Register page======
======Verify that Register Page is displayed======
======Register a User with test data======
======Verify that Login Page is displayed======
======Login to application with the registered user======
======Verify that user is logged in and Home Page is displayed======
======Verify that username is displayed after login======
======Logout from application======
======Verify that user is successfully logged out======]]>
  </system-out>
</testsuite> <!-- com.actoJava.qa.endToEndTests.EndToEndTests -->
